<?xml version="1.0" encoding="UTF-8"?>
<testsuite xmlns:xsi="http://www.w3.org/2001/XMLSchema-instance" xsi:noNamespaceSchemaLocation="https://maven.apache.org/surefire/maven-surefire-plugin/xsd/surefire-test-report.xsd" name="ssvv.AddStudentTest" time="0.255" tests="13" errors="0" skipped="0" failures="0">
  <properties>
[...]
</properties>
  <testcase name="testAddStudentValidEmail" classname="ssvv.AddStudentTest" time="0.152"/>
  <testcase name="testAddStudentValidGroup" classname="ssvv.AddStudentTest" time="0.006"/>
  <testcase name="testAddStudentDuplicate" classname="ssvv.AddStudentTest" time="0.007"/>
  <testcase name="testAddStudentNullName" classname="ssvv.AddStudentTest" time="0.004"/>
  <testcase name="testAddStudentValidId" classname="ssvv.AddStudentTest" time="0.007"/>
  <testcase name="testAddStudentInvalidGroup" classname="ssvv.AddStudentTest" time="0.005"/>
  <testcase name="testAddStudentEmptyName" classname="ssvv.AddStudentTest" time="0.003"/>
  <testcase name="testAddStudentValidName" classname="ssvv.AddStudentTest" time="0.007"/>
  <testcase name="testAddStudentEmptyEmail" classname="ssvv.AddStudentTest" time="0.004"/>
  <testcase name="testAddStudentNonDuplicate" classname="ssvv.AddStudentTest" time="0.008"/>
  <testcase name="testAddStudentGroupLowerBVABound" classname="ssvv.AddStudentTest" time="0.007"/>
  <testcase name="testAddStudentEmptyId" classname="ssvv.AddStudentTest" time="0.004"/>
  <testcase name="testAddStudentNullEmail" classname="ssvv.AddStudentTest" time="0.003"/>
</testsuite>